This is pdfTeX, Version 3.14159265-2.6-1.40.21 (MiKTeX 20.10) (preloaded format=pdflatex 2020.10.22)  10 JUN 2022 18:39
entering extended mode
**./kompilacja.tex
(kompilacja.tex
LaTeX2e <2020-10-01> patch level 1
L3 programming layer <2020-10-05> xparse <2020-03-03>
(C:\Users\Pawel\AppData\Local\Programs\MiKTeX\tex/latex/base\report.cls
Document Class: report 2020/04/10 v1.4m Standard LaTeX document class
(C:\Users\Pawel\AppData\Local\Programs\MiKTeX\tex/latex/base\size12.clo
File: size12.clo 2020/04/10 v1.4m Standard LaTeX file (size option)
)
\c@part=\count175
\c@chapter=\count176
\c@section=\count177
\c@subsection=\count178
\c@subsubsection=\count179
\c@paragraph=\count180
\c@subparagraph=\count181
\c@figure=\count182
\c@table=\count183
\abovecaptionskip=\skip47
\belowcaptionskip=\skip48
\bibindent=\dimen138
)
(C:\Users\Pawel\AppData\Local\Programs\MiKTeX\tex/latex/polski\polski.sty
Package: polski 2017/05/04 v1.3.4 Polish language package

   Switching to Polish text encoding and Polish maths fonts.
(C:\Users\Pawel\AppData\Local\Programs\MiKTeX\tex/latex/base\ot4enc.def
File: ot4enc.def 2020/08/10 v2.0s Standard LaTeX file
Now handling font encoding OT4 ...
... no UTF-8 mapping file for font encoding OT4
)
LaTeX Font Info:    Trying to load font information for OT4+cmr on input line 3
60.

(C:\Users\Pawel\AppData\Local\Programs\MiKTeX\tex/latex/polski\ot4cmr.fd
File: ot4cmr.fd 2008/02/24 v1.2.1 Font defs for fonts PL (MW)
)
LaTeX Font Info:    Overwriting math alphabet `\mathbf' in version `normal'
(Font)                  OT1/cmr/bx/n --> OT4/cmr/bx/n on input line 360.
LaTeX Font Info:    Overwriting math alphabet `\mathsf' in version `normal'
(Font)                  OT1/cmss/m/n --> OT4/cmss/m/n on input line 360.
LaTeX Font Info:    Overwriting math alphabet `\mathit' in version `normal'
(Font)                  OT1/cmr/m/it --> OT4/cmr/m/it on input line 360.
LaTeX Font Info:    Overwriting math alphabet `\mathtt' in version `normal'
(Font)                  OT1/cmtt/m/n --> OT4/cmtt/m/n on input line 360.
LaTeX Font Info:    Overwriting math alphabet `\mathsf' in version `bold'
(Font)                  OT1/cmss/bx/n --> OT4/cmss/bx/n on input line 360.
LaTeX Font Info:    Overwriting math alphabet `\mathit' in version `bold'
(Font)                  OT1/cmr/bx/it --> OT4/cmr/bx/it on input line 360.
LaTeX Font Info:    Encoding `OT1' has changed to `OT4' for symbol font
(Font)              `operators' in the math version `normal' on input line 360.

LaTeX Font Info:    Overwriting symbol font `operators' in version `normal'
(Font)                  OT1/cmr/m/n --> OT4/cmr/m/n on input line 360.
LaTeX Font Info:    Overwriting symbol font `letters' in version `normal'
(Font)                  OML/cmm/m/it --> OML/plm/m/it on input line 360.
LaTeX Font Info:    Overwriting symbol font `symbols' in version `normal'
(Font)                  OMS/cmsy/m/n --> OMS/plsy/m/n on input line 360.
LaTeX Font Info:    Overwriting symbol font `largesymbols' in version `normal'
(Font)                  OMX/cmex/m/n --> OMX/plex/m/n on input line 360.
LaTeX Font Info:    Encoding `OT1' has changed to `OT4' for symbol font
(Font)              `operators' in the math version `bold' on input line 360.
LaTeX Font Info:    Overwriting symbol font `operators' in version `bold'
(Font)                  OT1/cmr/bx/n --> OT4/cmr/bx/n on input line 360.
LaTeX Font Info:    Overwriting symbol font `letters' in version `bold'
(Font)                  OML/cmm/b/it --> OML/plm/b/it on input line 360.
LaTeX Font Info:    Overwriting symbol font `symbols' in version `bold'
(Font)                  OMS/cmsy/b/n --> OMS/plsy/b/n on input line 360.
)
(C:\Users\Pawel\AppData\Local\Programs\MiKTeX\tex/latex/float\float.sty
Package: float 2001/11/08 v1.3d Float enhancements (AL)
\c@float@type=\count184
\float@exts=\toks15
\float@box=\box47
\@float@everytoks=\toks16
\@floatcapt=\box48
)
(C:\Users\Pawel\AppData\Local\Programs\MiKTeX\tex/latex/geometry\geometry.sty
Package: geometry 2020/01/02 v5.9 Page Geometry

(C:\Users\Pawel\AppData\Local\Programs\MiKTeX\tex/latex/graphics\keyval.sty
Package: keyval 2014/10/28 v1.15 key=value parser (DPC)
\KV@toks@=\toks17
)
(C:\Users\Pawel\AppData\Local\Programs\MiKTeX\tex/generic/iftex\ifvtex.sty
Package: ifvtex 2019/10/25 v1.7 ifvtex legacy package. Use iftex instead.

(C:\Users\Pawel\AppData\Local\Programs\MiKTeX\tex/generic/iftex\iftex.sty
Package: iftex 2020/03/06 v1.0d TeX engine tests
))
\Gm@cnth=\count185
\Gm@cntv=\count186
\c@Gm@tempcnt=\count187
\Gm@bindingoffset=\dimen139
\Gm@wd@mp=\dimen140
\Gm@odd@mp=\dimen141
\Gm@even@mp=\dimen142
\Gm@layoutwidth=\dimen143
\Gm@layoutheight=\dimen144
\Gm@layouthoffset=\dimen145
\Gm@layoutvoffset=\dimen146
\Gm@dimlist=\toks18

(C:\Users\Pawel\AppData\Local\Programs\MiKTeX\tex/latex/geometry\geometry.cfg))
*geometry* verbose mode - [ newgeometry ] result:
* driver: 
* paper: <default>
* layout: <same size as paper>
* layoutoffset:(h,v)=(0.0pt,0.0pt)
* modes: 
* h-part:(L,W,R)=(71.13188pt, 472.03123pt, 71.13188pt)
* v-part:(T,H,B)=(85.35826pt, 624.25346pt, 85.35826pt)
* \paperwidth=614.295pt
* \paperheight=794.96999pt
* \textwidth=472.03123pt
* \textheight=624.25346pt
* \oddsidemargin=-1.1381pt
* \evensidemargin=-1.1381pt
* \topmargin=-23.91173pt
* \headheight=12.0pt
* \headsep=25.0pt
* \topskip=12.0pt
* \footskip=30.0pt
* \marginparwidth=44.0pt
* \marginparsep=10.0pt
* \columnsep=10.0pt
* \skip\footins=10.8pt plus 4.0pt minus 2.0pt
* \hoffset=0.0pt
* \voffset=0.0pt
* \mag=1000
* \@twocolumnfalse
* \@twosidefalse
* \@mparswitchfalse
* \@reversemarginfalse
* (1in=72.27pt=25.4mm, 1cm=28.453pt)

(C:\Users\Pawel\AppData\Local\Programs\MiKTeX\tex/latex/graphics\graphicx.sty
Package: graphicx 2020/09/09 v1.2b Enhanced LaTeX Graphics (DPC,SPQR)

(C:\Users\Pawel\AppData\Local\Programs\MiKTeX\tex/latex/graphics\graphics.sty
Package: graphics 2020/08/30 v1.4c Standard LaTeX Graphics (DPC,SPQR)

(C:\Users\Pawel\AppData\Local\Programs\MiKTeX\tex/latex/graphics\trig.sty
Package: trig 2016/01/03 v1.10 sin cos tan (DPC)
)
(C:\Users\Pawel\AppData\Local\Programs\MiKTeX\tex/latex/graphics-cfg\graphics.c
fg
File: graphics.cfg 2016/06/04 v1.11 sample graphics configuration
)
Package graphics Info: Driver file: pdftex.def on input line 105.

(C:\Users\Pawel\AppData\Local\Programs\MiKTeX\tex/latex/graphics-def\pdftex.def
File: pdftex.def 2020/10/05 v1.2a Graphics/color driver for pdftex
))
\Gin@req@height=\dimen147
\Gin@req@width=\dimen148
)
(C:\Users\Pawel\AppData\Local\Programs\MiKTeX\tex/latex/listings\listings.sty
\lst@mode=\count188
\lst@gtempboxa=\box49
\lst@token=\toks19
\lst@length=\count189
\lst@currlwidth=\dimen149
\lst@column=\count190
\lst@pos=\count191
\lst@lostspace=\dimen150
\lst@width=\dimen151
\lst@newlines=\count192
\lst@lineno=\count193
\lst@maxwidth=\dimen152

(C:\Users\Pawel\AppData\Local\Programs\MiKTeX\tex/latex/listings\lstmisc.sty
File: lstmisc.sty 2020/03/24 1.8d (Carsten Heinz)
\c@lstnumber=\count194
\lst@skipnumbers=\count195
\lst@framebox=\box50
)
(C:\Users\Pawel\AppData\Local\Programs\MiKTeX\tex/latex/listings\listings.cfg
File: listings.cfg 2020/03/24 1.8d listings configuration
))
Package: listings 2020/03/24 1.8d (Carsten Heinz)

(C:\Users\Pawel\AppData\Local\Programs\MiKTeX\tex/latex/l3backend\l3backend-pdf
tex.def
File: l3backend-pdftex.def 2020-09-24 L3 backend support: PDF output (pdfTeX)
\l__kernel_color_stack_int=\count196
\l__pdf_internal_box=\box51
) (kompilacja.aux)
\openout1 = `kompilacja.aux'.

LaTeX Font Info:    Checking defaults for OML/cmm/m/it on input line 25.
LaTeX Font Info:    ... okay on input line 25.
LaTeX Font Info:    Checking defaults for OMS/cmsy/m/n on input line 25.
LaTeX Font Info:    ... okay on input line 25.
LaTeX Font Info:    Checking defaults for OT1/cmr/m/n on input line 25.
LaTeX Font Info:    ... okay on input line 25.
LaTeX Font Info:    Checking defaults for T1/cmr/m/n on input line 25.
LaTeX Font Info:    ... okay on input line 25.
LaTeX Font Info:    Checking defaults for TS1/cmr/m/n on input line 25.
LaTeX Font Info:    ... okay on input line 25.
LaTeX Font Info:    Checking defaults for OMX/cmex/m/n on input line 25.
LaTeX Font Info:    ... okay on input line 25.
LaTeX Font Info:    Checking defaults for U/cmr/m/n on input line 25.
LaTeX Font Info:    ... okay on input line 25.
LaTeX Font Info:    Checking defaults for OT4/cmr/m/n on input line 25.
LaTeX Font Info:    ... okay on input line 25.

*geometry* driver: auto-detecting
*geometry* detected driver: pdftex
*geometry* verbose mode - [ preamble ] result:
* driver: pdftex
* paper: <default>
* layout: <same size as paper>
* layoutoffset:(h,v)=(0.0pt,0.0pt)
* modes: 
* h-part:(L,W,R)=(71.13188pt, 472.03123pt, 71.13188pt)
* v-part:(T,H,B)=(85.35826pt, 624.25346pt, 85.35826pt)
* \paperwidth=614.295pt
* \paperheight=794.96999pt
* \textwidth=472.03123pt
* \textheight=624.25346pt
* \oddsidemargin=-1.1381pt
* \evensidemargin=-1.1381pt
* \topmargin=-23.91173pt
* \headheight=12.0pt
* \headsep=25.0pt
* \topskip=12.0pt
* \footskip=30.0pt
* \marginparwidth=44.0pt
* \marginparsep=10.0pt
* \columnsep=10.0pt
* \skip\footins=10.8pt plus 4.0pt minus 2.0pt
* \hoffset=0.0pt
* \voffset=0.0pt
* \mag=1000
* \@twocolumnfalse
* \@twosidefalse
* \@mparswitchfalse
* \@reversemarginfalse
* (1in=72.27pt=25.4mm, 1cm=28.453pt)


(C:\Users\Pawel\AppData\Local\Programs\MiKTeX\tex/context/base/mkii\supp-pdf.mk
ii
[Loading MPS to PDF converter (version 2006.09.02).]
\scratchcounter=\count197
\scratchdimen=\dimen153
\scratchbox=\box52
\nofMPsegments=\count198
\nofMParguments=\count199
\everyMPshowfont=\toks20
\MPscratchCnt=\count266
\MPscratchDim=\dimen154
\MPnumerator=\count267
\makeMPintoPDFobject=\count268
\everyMPtoPDFconversion=\toks21
)
(C:\Users\Pawel\AppData\Local\Programs\MiKTeX\tex/latex/epstopdf-pkg\epstopdf-b
ase.sty
Package: epstopdf-base 2020-01-24 v2.11 Base part for package epstopdf
Package epstopdf-base Info: Redefining graphics rule for `.eps' on input line 4
85.
)
\c@lstlisting=\count269
LaTeX Font Info:    Trying to load font information for OML+plm on input line 2
6.

(C:\Users\Pawel\AppData\Local\Programs\MiKTeX\tex/latex/polski\omlplm.fd
File: omlplm.fd 2008/02/24 v1.2.1 Font defs for fonts PL (MW)
)
LaTeX Font Info:    Trying to load font information for OMS+plsy on input line 
26.

(C:\Users\Pawel\AppData\Local\Programs\MiKTeX\tex/latex/polski\omsplsy.fd
File: omsplsy.fd 2008/02/24 v1.2.1 Font defs for fonts PL (MW)
)
LaTeX Font Info:    Trying to load font information for OMX+plex on input line 
26.

(C:\Users\Pawel\AppData\Local\Programs\MiKTeX\tex/latex/polski\omxplex.fd
File: omxplex.fd 2008/02/24 v1.2.1 Font defs for fonts PL (MW)
)
LaTeX Font Info:    External font `plex10' loaded for size
(Font)              <14.4> on input line 26.
LaTeX Font Info:    External font `plex10' loaded for size
(Font)              <10> on input line 26.
LaTeX Font Info:    External font `plex10' loaded for size
(Font)              <7> on input line 26.

[1


{C:/Users/Pawel/AppData/Local/MiKTeX/pdftex/config/pdftex.map}]
Rozdzia\PlPrIeC {\l } 1.
LaTeX Font Info:    Trying to load font information for OT4+cmtt on input line 
30.
(C:\Users\Pawel\AppData\Local\Programs\MiKTeX\tex/latex/polski\ot4cmtt.fd
File: ot4cmtt.fd 2008/02/24 v1.2.1 Font defs for fonts PL (MW)
)
<figures//1_1.png, id=7, 607.51968pt x 64.74188pt>
File: figures//1_1.png Graphic file (type png)
<use figures//1_1.png>
Package pdftex.def Info: figures//1_1.png  used on input line 33.
(pdftex.def)             Requested size: 341.43306pt x 36.38658pt.
<figures//1_1_2.png, id=9, 624.08156pt x 271.0125pt>
File: figures//1_1_2.png Graphic file (type png)
<use figures//1_1_2.png>
Package pdftex.def Info: figures//1_1_2.png  used on input line 39.
(pdftex.def)             Requested size: 341.43306pt x 148.27162pt.
<figures//1_2.png, id=10, 676.77844pt x 177.66376pt>
File: figures//1_2.png Graphic file (type png)
<use figures//1_2.png>
Package pdftex.def Info: figures//1_2.png  used on input line 46.
(pdftex.def)             Requested size: 426.79134pt x 112.0426pt.

[1

 <./figures//1_1.png> <./figures//1_1_2.png>]
<figures//1_3.png, id=18, 676.77844pt x 83.5622pt>
File: figures//1_3.png Graphic file (type png)
<use figures//1_3.png>
Package pdftex.def Info: figures//1_3.png  used on input line 53.
(pdftex.def)             Requested size: 426.79134pt x 52.698pt.
 [2 <./figures//1_2.png> <./figures//1_3.png>]
Rozdzia\PlPrIeC {\l } 2.
<figures//2_1.png, id=24, 679.03688pt x 331.2375pt>
File: figures//2_1.png Graphic file (type png)
<use figures//2_1.png>
Package pdftex.def Info: figures//2_1.png  used on input line 63.
(pdftex.def)             Requested size: 426.79134pt x 208.19046pt.
<figures//2_2.png, id=25, 679.03688pt x 331.2375pt>
File: figures//2_2.png Graphic file (type png)
<use figures//2_2.png>
Package pdftex.def Info: figures//2_2.png  used on input line 70.
(pdftex.def)             Requested size: 426.79134pt x 208.19046pt.
[3

 <./figures//2_1.png>]
<figures//2_3.png, id=29, 679.03688pt x 76.03406pt>
File: figures//2_3.png Graphic file (type png)
<use figures//2_3.png>
Package pdftex.def Info: figures//2_3.png  used on input line 77.
(pdftex.def)             Requested size: 426.79134pt x 47.78915pt.
<figures//2_4.png, id=30, 679.03688pt x 331.2375pt>
File: figures//2_4.png Graphic file (type png)
<use figures//2_4.png>
Package pdftex.def Info: figures//2_4.png  used on input line 84.
(pdftex.def)             Requested size: 426.79134pt x 208.19046pt.
 [4 <./figures//2_2.png> <./figures//2_3.png>]
<figures//2_5.png, id=35, 679.03688pt x 131.74219pt>
File: figures//2_5.png Graphic file (type png)
<use figures//2_5.png>
Package pdftex.def Info: figures//2_5.png  used on input line 92.
(pdftex.def)             Requested size: 426.79134pt x 82.80301pt.
<figures//2_6.png, id=36, 679.03688pt x 331.2375pt>
File: figures//2_6.png Graphic file (type png)
<use figures//2_6.png>
Package pdftex.def Info: figures//2_6.png  used on input line 98.
(pdftex.def)             Requested size: 426.79134pt x 208.19046pt.
 [5 <./figures//2_4.png> <./figures//2_5.png>]
<figures//2_7.png, id=41, 677.53125pt x 331.2375pt>
File: figures//2_7.png Graphic file (type png)
<use figures//2_7.png>
Package pdftex.def Info: figures//2_7.png  used on input line 106.
(pdftex.def)             Requested size: 426.79134pt x 208.6605pt.
 [6 <./figures//2_6.png> <./figures//2_7.png>]
Overfull \hbox (9.33157pt too wide) in paragraph at lines 116--117
\OT4/cmr/m/n/12 gdzie [][]\OT4/cmtt/m/n/12 method1 []\OT4/cmr/m/n/12 jest ozna-
cze-niem ak-tu-al-nie wy-ko-ny-wa-nej me-to-dy kom-pi-la-cji j¡-dra, a [][]\OT4
/cmtt/m/n/12 5.18.3-smp
 []

<figures//2_8.png, id=47, 677.53125pt x 91.09032pt>
File: figures//2_8.png Graphic file (type png)
<use figures//2_8.png>
Package pdftex.def Info: figures//2_8.png  used on input line 120.
(pdftex.def)             Requested size: 426.79134pt x 57.38162pt.
<figures//2_9.png, id=48, 677.53125pt x 175.40532pt>
File: figures//2_9.png Graphic file (type png)
<use figures//2_9.png>
Package pdftex.def Info: figures//2_9.png  used on input line 128.
(pdftex.def)             Requested size: 426.79134pt x 110.49521pt.
<figures//2_10.png, id=49, 677.53125pt x 231.11343pt>
File: figures//2_10.png Graphic file (type png)
<use figures//2_10.png>
Package pdftex.def Info: figures//2_10.png  used on input line 137.
(pdftex.def)             Requested size: 426.79134pt x 145.58812pt.

Overfull \hbox (3.17978pt too wide) in paragraph at lines 132--139
[]\OT4/cmr/m/n/12 W ce-lu skon-fi-gu-ro-wa-nia RAM-DISK, z u»y-ciem skryp-tu []
[]\OT4/cmtt/m/n/12 mkinitrd_command_generator.sh
 []


Overfull \hbox (0.53285pt too wide) in paragraph at lines 132--139
[][]\OT4/cmtt/m/n/12 mkinitrd -c -k 5.18.3-smp -f ext4 -r /dev/sda1 -m ext4 -u 
-o /boot/initrd.gz[]\OT4/cmr/m/n/12 .
 []

[7 <./figures//2_8.png> <./figures//2_9.png>]
<figures//2_11.png, id=55, 677.53125pt x 331.2375pt>
File: figures//2_11.png Graphic file (type png)
<use figures//2_11.png>
Package pdftex.def Info: figures//2_11.png  used on input line 144.
(pdftex.def)             Requested size: 426.79134pt x 208.6605pt.
<figures//2_12.png, id=56, 679.03688pt x 151.3153pt>
File: figures//2_12.png Graphic file (type png)
<use figures//2_12.png>
Package pdftex.def Info: figures//2_12.png  used on input line 150.
(pdftex.def)             Requested size: 426.79134pt x 95.10518pt.
 [8 <./figures//2_10.png> <./figures//2_11.png>]
<figures//2_13.png, id=61, 488.57532pt x 421.575pt>
File: figures//2_13.png Graphic file (type png)
<use figures//2_13.png>
Package pdftex.def Info: figures//2_13.png  used on input line 158.
(pdftex.def)             Requested size: 426.79134pt x 368.2661pt.
<figures//2_14.png, id=62, 771.63281pt x 635.37375pt>
File: figures//2_14.png Graphic file (type png)
<use figures//2_14.png>
Package pdftex.def Info: figures//2_14.png  used on input line 164.
(pdftex.def)             Requested size: 426.79134pt x 351.42473pt.
 [9 <./figures//2_12.png> <./figures//2_13.png>]
<figures//2_15.png, id=67, 771.63281pt x 115.93312pt>
File: figures//2_15.png Graphic file (type png)
<use figures//2_15.png>
Package pdftex.def Info: figures//2_15.png  used on input line 171.
(pdftex.def)             Requested size: 426.79134pt x 64.12251pt.
 [10 <./figures//2_14.png> <./figures//2_15.png>]
Rozdzia\PlPrIeC {\l } 3.

Overfull \hbox (16.33833pt too wide) in paragraph at lines 184--185
\OT4/cmr/m/n/12 wa-no zgod-nie z za-le-ce-nia-mi za-miesz-czo-ny-mi w pli-ku []
[]\OT4/cmtt/m/n/12 srcipts/kconfig/streamline_config.pl[]\OT4/cmr/m/n/12 : 
 []

LaTeX Font Info:    Trying to load font information for OML+cmr on input line 2
08.
(C:\Users\Pawel\AppData\Local\Programs\MiKTeX\tex/latex/base\omlcmr.fd
File: omlcmr.fd 2019/12/16 v2.5j Standard LaTeX font definitions
)
LaTeX Font Info:    Font shape `OML/cmr/m/n' in size <6> not available
(Font)              Font shape `OML/cmm/m/it' tried instead on input line 208.
<figures//3_1.png, id=71, 737.00343pt x 70.76437pt>
File: figures//3_1.png Graphic file (type png)
<use figures//3_1.png>
Package pdftex.def Info: figures//3_1.png  used on input line 217.
(pdftex.def)             Requested size: 426.79134pt x 40.97856pt.
<figures//3_2.png, id=72, 737.00343pt x 91.84312pt>
File: figures//3_2.png Graphic file (type png)
<use figures//3_2.png>
Package pdftex.def Info: figures//3_2.png  used on input line 224.
(pdftex.def)             Requested size: 426.79134pt x 53.18495pt.

[11

 <./figures//3_1.png>]
<figures//3_3.png, id=80, 737.00343pt x 86.57344pt>
File: figures//3_3.png Graphic file (type png)
<use figures//3_3.png>
Package pdftex.def Info: figures//3_3.png  used on input line 231.
(pdftex.def)             Requested size: 426.79134pt x 50.13335pt.
<figures//3_4.png, id=81, 737.00343pt x 87.32625pt>
File: figures//3_4.png Graphic file (type png)
<use figures//3_4.png>
Package pdftex.def Info: figures//3_4.png  used on input line 238.
(pdftex.def)             Requested size: 426.79134pt x 50.5693pt.
<figures//3_5.png, id=82, 737.00343pt x 129.48375pt>
File: figures//3_5.png Graphic file (type png)
<use figures//3_5.png>
Package pdftex.def Info: figures//3_5.png  used on input line 245.
(pdftex.def)             Requested size: 426.79134pt x 74.98207pt.
<figures//3_6.png, id=83, 737.00343pt x 269.50688pt>
File: figures//3_6.png Graphic file (type png)
<use figures//3_6.png>
Package pdftex.def Info: figures//3_6.png  used on input line 251.
(pdftex.def)             Requested size: 426.79134pt x 156.06735pt.
 [12 <./figures//3_2.png> <./figures//3_3.png> <./figures//3_4.png> <./figures/
/3_5.png>]
<figures//3_7.png, id=92, 737.00343pt x 88.83188pt>
File: figures//3_7.png Graphic file (type png)
<use figures//3_7.png>
Package pdftex.def Info: figures//3_7.png  used on input line 258.
(pdftex.def)             Requested size: 426.79134pt x 51.44118pt.
<figures//3_8.png, id=93, 737.00343pt x 269.50688pt>
File: figures//3_8.png Graphic file (type png)
<use figures//3_8.png>
Package pdftex.def Info: figures//3_8.png  used on input line 265.
(pdftex.def)             Requested size: 426.79134pt x 156.06735pt.
<figures//3_9.png, id=94, 737.00343pt x 76.03406pt>
File: figures//3_9.png Graphic file (type png)
<use figures//3_9.png>
Package pdftex.def Info: figures//3_9.png  used on input line 272.
(pdftex.def)             Requested size: 426.79134pt x 44.03015pt.
 [13 <./figures//3_6.png> <./figures//3_7.png> <./figures//3_8.png>]
<figures//3_10.png, id=99, 737.00343pt x 269.50688pt>
File: figures//3_10.png Graphic file (type png)
<use figures//3_10.png>
Package pdftex.def Info: figures//3_10.png  used on input line 279.
(pdftex.def)             Requested size: 426.79134pt x 156.06735pt.
<figures//3_11.png, id=100, 737.00343pt x 97.86563pt>
File: figures//3_11.png Graphic file (type png)
<use figures//3_11.png>
Package pdftex.def Info: figures//3_11.png  used on input line 292.
(pdftex.def)             Requested size: 426.79134pt x 56.67249pt.

Overfull \hbox (9.33157pt too wide) in paragraph at lines 289--294
\OT4/cmr/m/n/12 gdzie [][]\OT4/cmtt/m/n/12 method2 []\OT4/cmr/m/n/12 jest ozna-
cze-niem ak-tu-al-nie wy-ko-ny-wa-nej me-to-dy kom-pi-la-cji j¡-dra, a [][]\OT4
/cmtt/m/n/12 5.18.3-smp
 []

<figures//3_12.png, id=101, 737.00343pt x 91.09032pt>
File: figures//3_12.png Graphic file (type png)
<use figures//3_12.png>
Package pdftex.def Info: figures//3_12.png  used on input line 299.
(pdftex.def)             Requested size: 426.79134pt x 52.74901pt.
[14 <./figures//3_9.png> <./figures//3_10.png> <./figures//3_11.png>]
<figures//3_13.png, id=108, 737.00343pt x 226.59656pt>
File: figures//3_13.png Graphic file (type png)
<use figures//3_13.png>
Package pdftex.def Info: figures//3_13.png  used on input line 306.
(pdftex.def)             Requested size: 426.79134pt x 131.21863pt.
<figures//3_14.png, id=109, 737.00343pt x 269.50688pt>
File: figures//3_14.png Graphic file (type png)
<use figures//3_14.png>
Package pdftex.def Info: figures//3_14.png  used on input line 313.
(pdftex.def)             Requested size: 426.79134pt x 156.06735pt.
<figures//3_15.png, id=110, 737.00343pt x 131.74219pt>
File: figures//3_15.png Graphic file (type png)
<use figures//3_15.png>
Package pdftex.def Info: figures//3_15.png  used on input line 320.
(pdftex.def)             Requested size: 426.79134pt x 76.2899pt.
 [15 <./figures//3_12.png> <./figures//3_13.png> <./figures//3_14.png>]
<figures//3_16.png, id=116, 776.14969pt x 589.4522pt>
File: figures//3_16.png Graphic file (type png)
<use figures//3_16.png>
Package pdftex.def Info: figures//3_16.png  used on input line 334.
(pdftex.def)             Requested size: 426.79134pt x 324.13675pt.
 [16 <./figures//3_15.png>]
<figures//3_17.png, id=121, 489.32813pt x 420.06938pt>
File: figures//3_17.png Graphic file (type png)
<use figures//3_17.png>
Package pdftex.def Info: figures//3_17.png  used on input line 341.
(pdftex.def)             Requested size: 426.79134pt x 366.39323pt.
 [17 <./figures//3_16.png>]
<figures//3_18.png, id=125, 578.91281pt x 124.96687pt>
File: figures//3_18.png Graphic file (type png)
<use figures//3_18.png>
Package pdftex.def Info: figures//3_18.png  used on input line 348.
(pdftex.def)             Requested size: 426.79134pt x 92.12889pt.
<figures//3_19.png, id=126, 496.85625pt x 131.74219pt>
File: figures//3_19.png Graphic file (type png)
<use figures//3_19.png>
Package pdftex.def Info: figures//3_19.png  used on input line 355.
(pdftex.def)             Requested size: 426.79134pt x 113.16539pt.
 [18 <./figures//3_17.png> <./figures//3_18.png>] [19 <./figures//3_19.png>]
Rozdzia\PlPrIeC {\l } 4.
[20

] (kompilacja.aux) ) 
Here is how much of TeX's memory you used:
 3877 strings out of 480236
 56514 string characters out of 2880557
 365652 words of memory out of 3000000
 20409 multiletter control sequences out of 15000+200000
 542901 words of font info for 49 fonts, out of 3000000 for 9000
 1141 hyphenation exceptions out of 8191
 60i,6n,66p,468b,1275s stack positions out of 5000i,500n,10000p,200000b,50000s
 <C:\Users\Pawel\AppData\Local\MiKTeX\fonts/pk/ljfour/jknap
pen/ec/dpi600\tcrm0600.pk>{C:/Users/Pawel/AppData/Local/Programs/MiKTeX/fonts/e
nc/dvips/pl/plrm.enc} <C:\Users\Pawel\AppData\Local\MiKTeX\fonts/pk/ljfour/jkna
ppen/ec/dpi600\tcrm1200.pk>{C:/Users/Pawel/AppData/Local/Programs/MiKTeX/fonts/
enc/dvips/pl/pltt.enc}<C:/Users/Pawel/AppData/Local/Programs/MiKTeX/fonts/type1
/public/amsfonts/cm/cmmi6.pfb><C:/Users/Pawel/AppData/Local/Programs/MiKTeX/fon
ts/type1/public/pl/plbx12.pfb><C:/Users/Pawel/AppData/Local/Programs/MiKTeX/fon
ts/type1/public/pl/plr12.pfb><C:/Users/Pawel/AppData/Local/Programs/MiKTeX/font
s/type1/public/pl/plr17.pfb><C:/Users/Pawel/AppData/Local/Programs/MiKTeX/fonts
/type1/public/pl/plr6.pfb><C:/Users/Pawel/AppData/Local/Programs/MiKTeX/fonts/t
ype1/public/pl/pltt12.pfb>
Output written on kompilacja.pdf (21 pages, 620494 bytes).
PDF statistics:
 168 PDF objects out of 1000 (max. 8388607)
 0 named destinations out of 1000 (max. 500000)
 191 words of extra memory for PDF output out of 10000 (max. 10000000)

