This is pdfTeX, Version 3.14159265-2.6-1.40.21 (MiKTeX 20.10) (preloaded format=pdflatex 2020.10.22)  9 JUN 2022 14:38
entering extended mode
**./kompilacja.tex
(kompilacja.tex
LaTeX2e <2020-10-01> patch level 1
L3 programming layer <2020-10-05> xparse <2020-03-03>
(C:\Users\Pawel\AppData\Local\Programs\MiKTeX\tex/latex/base\report.cls
Document Class: report 2020/04/10 v1.4m Standard LaTeX document class
(C:\Users\Pawel\AppData\Local\Programs\MiKTeX\tex/latex/base\size12.clo
File: size12.clo 2020/04/10 v1.4m Standard LaTeX file (size option)
)
\c@part=\count175
\c@chapter=\count176
\c@section=\count177
\c@subsection=\count178
\c@subsubsection=\count179
\c@paragraph=\count180
\c@subparagraph=\count181
\c@figure=\count182
\c@table=\count183
\abovecaptionskip=\skip47
\belowcaptionskip=\skip48
\bibindent=\dimen138
)
(C:\Users\Pawel\AppData\Local\Programs\MiKTeX\tex/latex/polski\polski.sty
Package: polski 2017/05/04 v1.3.4 Polish language package

   Switching to Polish text encoding and Polish maths fonts.
(C:\Users\Pawel\AppData\Local\Programs\MiKTeX\tex/latex/base\ot4enc.def
File: ot4enc.def 2020/08/10 v2.0s Standard LaTeX file
Now handling font encoding OT4 ...
... no UTF-8 mapping file for font encoding OT4
)
LaTeX Font Info:    Trying to load font information for OT4+cmr on input line 3
60.

(C:\Users\Pawel\AppData\Local\Programs\MiKTeX\tex/latex/polski\ot4cmr.fd
File: ot4cmr.fd 2008/02/24 v1.2.1 Font defs for fonts PL (MW)
)
LaTeX Font Info:    Overwriting math alphabet `\mathbf' in version `normal'
(Font)                  OT1/cmr/bx/n --> OT4/cmr/bx/n on input line 360.
LaTeX Font Info:    Overwriting math alphabet `\mathsf' in version `normal'
(Font)                  OT1/cmss/m/n --> OT4/cmss/m/n on input line 360.
LaTeX Font Info:    Overwriting math alphabet `\mathit' in version `normal'
(Font)                  OT1/cmr/m/it --> OT4/cmr/m/it on input line 360.
LaTeX Font Info:    Overwriting math alphabet `\mathtt' in version `normal'
(Font)                  OT1/cmtt/m/n --> OT4/cmtt/m/n on input line 360.
LaTeX Font Info:    Overwriting math alphabet `\mathsf' in version `bold'
(Font)                  OT1/cmss/bx/n --> OT4/cmss/bx/n on input line 360.
LaTeX Font Info:    Overwriting math alphabet `\mathit' in version `bold'
(Font)                  OT1/cmr/bx/it --> OT4/cmr/bx/it on input line 360.
LaTeX Font Info:    Encoding `OT1' has changed to `OT4' for symbol font
(Font)              `operators' in the math version `normal' on input line 360.

LaTeX Font Info:    Overwriting symbol font `operators' in version `normal'
(Font)                  OT1/cmr/m/n --> OT4/cmr/m/n on input line 360.
LaTeX Font Info:    Overwriting symbol font `letters' in version `normal'
(Font)                  OML/cmm/m/it --> OML/plm/m/it on input line 360.
LaTeX Font Info:    Overwriting symbol font `symbols' in version `normal'
(Font)                  OMS/cmsy/m/n --> OMS/plsy/m/n on input line 360.
LaTeX Font Info:    Overwriting symbol font `largesymbols' in version `normal'
(Font)                  OMX/cmex/m/n --> OMX/plex/m/n on input line 360.
LaTeX Font Info:    Encoding `OT1' has changed to `OT4' for symbol font
(Font)              `operators' in the math version `bold' on input line 360.
LaTeX Font Info:    Overwriting symbol font `operators' in version `bold'
(Font)                  OT1/cmr/bx/n --> OT4/cmr/bx/n on input line 360.
LaTeX Font Info:    Overwriting symbol font `letters' in version `bold'
(Font)                  OML/cmm/b/it --> OML/plm/b/it on input line 360.
LaTeX Font Info:    Overwriting symbol font `symbols' in version `bold'
(Font)                  OMS/cmsy/b/n --> OMS/plsy/b/n on input line 360.
)
(C:\Users\Pawel\AppData\Local\Programs\MiKTeX\tex/latex/float\float.sty
Package: float 2001/11/08 v1.3d Float enhancements (AL)
\c@float@type=\count184
\float@exts=\toks15
\float@box=\box47
\@float@everytoks=\toks16
\@floatcapt=\box48
)
(C:\Users\Pawel\AppData\Local\Programs\MiKTeX\tex/latex/geometry\geometry.sty
Package: geometry 2020/01/02 v5.9 Page Geometry

(C:\Users\Pawel\AppData\Local\Programs\MiKTeX\tex/latex/graphics\keyval.sty
Package: keyval 2014/10/28 v1.15 key=value parser (DPC)
\KV@toks@=\toks17
)
(C:\Users\Pawel\AppData\Local\Programs\MiKTeX\tex/generic/iftex\ifvtex.sty
Package: ifvtex 2019/10/25 v1.7 ifvtex legacy package. Use iftex instead.

(C:\Users\Pawel\AppData\Local\Programs\MiKTeX\tex/generic/iftex\iftex.sty
Package: iftex 2020/03/06 v1.0d TeX engine tests
))
\Gm@cnth=\count185
\Gm@cntv=\count186
\c@Gm@tempcnt=\count187
\Gm@bindingoffset=\dimen139
\Gm@wd@mp=\dimen140
\Gm@odd@mp=\dimen141
\Gm@even@mp=\dimen142
\Gm@layoutwidth=\dimen143
\Gm@layoutheight=\dimen144
\Gm@layouthoffset=\dimen145
\Gm@layoutvoffset=\dimen146
\Gm@dimlist=\toks18

(C:\Users\Pawel\AppData\Local\Programs\MiKTeX\tex/latex/geometry\geometry.cfg))
*geometry* verbose mode - [ newgeometry ] result:
* driver: 
* paper: <default>
* layout: <same size as paper>
* layoutoffset:(h,v)=(0.0pt,0.0pt)
* modes: 
* h-part:(L,W,R)=(71.13188pt, 472.03123pt, 71.13188pt)
* v-part:(T,H,B)=(85.35826pt, 624.25346pt, 85.35826pt)
* \paperwidth=614.295pt
* \paperheight=794.96999pt
* \textwidth=472.03123pt
* \textheight=624.25346pt
* \oddsidemargin=-1.1381pt
* \evensidemargin=-1.1381pt
* \topmargin=-23.91173pt
* \headheight=12.0pt
* \headsep=25.0pt
* \topskip=12.0pt
* \footskip=30.0pt
* \marginparwidth=44.0pt
* \marginparsep=10.0pt
* \columnsep=10.0pt
* \skip\footins=10.8pt plus 4.0pt minus 2.0pt
* \hoffset=0.0pt
* \voffset=0.0pt
* \mag=1000
* \@twocolumnfalse
* \@twosidefalse
* \@mparswitchfalse
* \@reversemarginfalse
* (1in=72.27pt=25.4mm, 1cm=28.453pt)

(C:\Users\Pawel\AppData\Local\Programs\MiKTeX\tex/latex/graphics\graphicx.sty
Package: graphicx 2020/09/09 v1.2b Enhanced LaTeX Graphics (DPC,SPQR)

(C:\Users\Pawel\AppData\Local\Programs\MiKTeX\tex/latex/graphics\graphics.sty
Package: graphics 2020/08/30 v1.4c Standard LaTeX Graphics (DPC,SPQR)

(C:\Users\Pawel\AppData\Local\Programs\MiKTeX\tex/latex/graphics\trig.sty
Package: trig 2016/01/03 v1.10 sin cos tan (DPC)
)
(C:\Users\Pawel\AppData\Local\Programs\MiKTeX\tex/latex/graphics-cfg\graphics.c
fg
File: graphics.cfg 2016/06/04 v1.11 sample graphics configuration
)
Package graphics Info: Driver file: pdftex.def on input line 105.

(C:\Users\Pawel\AppData\Local\Programs\MiKTeX\tex/latex/graphics-def\pdftex.def
File: pdftex.def 2020/10/05 v1.2a Graphics/color driver for pdftex
))
\Gin@req@height=\dimen147
\Gin@req@width=\dimen148
)
(C:\Users\Pawel\AppData\Local\Programs\MiKTeX\tex/latex/l3backend\l3backend-pdf
tex.def
File: l3backend-pdftex.def 2020-09-24 L3 backend support: PDF output (pdfTeX)
\l__kernel_color_stack_int=\count188
\l__pdf_internal_box=\box49
) (kompilacja.aux)
\openout1 = `kompilacja.aux'.

LaTeX Font Info:    Checking defaults for OML/cmm/m/it on input line 22.
LaTeX Font Info:    ... okay on input line 22.
LaTeX Font Info:    Checking defaults for OMS/cmsy/m/n on input line 22.
LaTeX Font Info:    ... okay on input line 22.
LaTeX Font Info:    Checking defaults for OT1/cmr/m/n on input line 22.
LaTeX Font Info:    ... okay on input line 22.
LaTeX Font Info:    Checking defaults for T1/cmr/m/n on input line 22.
LaTeX Font Info:    ... okay on input line 22.
LaTeX Font Info:    Checking defaults for TS1/cmr/m/n on input line 22.
LaTeX Font Info:    ... okay on input line 22.
LaTeX Font Info:    Checking defaults for OMX/cmex/m/n on input line 22.
LaTeX Font Info:    ... okay on input line 22.
LaTeX Font Info:    Checking defaults for U/cmr/m/n on input line 22.
LaTeX Font Info:    ... okay on input line 22.
LaTeX Font Info:    Checking defaults for OT4/cmr/m/n on input line 22.
LaTeX Font Info:    ... okay on input line 22.

*geometry* driver: auto-detecting
*geometry* detected driver: pdftex
*geometry* verbose mode - [ preamble ] result:
* driver: pdftex
* paper: <default>
* layout: <same size as paper>
* layoutoffset:(h,v)=(0.0pt,0.0pt)
* modes: 
* h-part:(L,W,R)=(71.13188pt, 472.03123pt, 71.13188pt)
* v-part:(T,H,B)=(85.35826pt, 624.25346pt, 85.35826pt)
* \paperwidth=614.295pt
* \paperheight=794.96999pt
* \textwidth=472.03123pt
* \textheight=624.25346pt
* \oddsidemargin=-1.1381pt
* \evensidemargin=-1.1381pt
* \topmargin=-23.91173pt
* \headheight=12.0pt
* \headsep=25.0pt
* \topskip=12.0pt
* \footskip=30.0pt
* \marginparwidth=44.0pt
* \marginparsep=10.0pt
* \columnsep=10.0pt
* \skip\footins=10.8pt plus 4.0pt minus 2.0pt
* \hoffset=0.0pt
* \voffset=0.0pt
* \mag=1000
* \@twocolumnfalse
* \@twosidefalse
* \@mparswitchfalse
* \@reversemarginfalse
* (1in=72.27pt=25.4mm, 1cm=28.453pt)


(C:\Users\Pawel\AppData\Local\Programs\MiKTeX\tex/context/base/mkii\supp-pdf.mk
ii
[Loading MPS to PDF converter (version 2006.09.02).]
\scratchcounter=\count189
\scratchdimen=\dimen149
\scratchbox=\box50
\nofMPsegments=\count190
\nofMParguments=\count191
\everyMPshowfont=\toks19
\MPscratchCnt=\count192
\MPscratchDim=\dimen150
\MPnumerator=\count193
\makeMPintoPDFobject=\count194
\everyMPtoPDFconversion=\toks20
)
(C:\Users\Pawel\AppData\Local\Programs\MiKTeX\tex/latex/epstopdf-pkg\epstopdf-b
ase.sty
Package: epstopdf-base 2020-01-24 v2.11 Base part for package epstopdf
Package epstopdf-base Info: Redefining graphics rule for `.eps' on input line 4
85.
)
LaTeX Font Info:    Trying to load font information for OML+plm on input line 2
3.

(C:\Users\Pawel\AppData\Local\Programs\MiKTeX\tex/latex/polski\omlplm.fd
File: omlplm.fd 2008/02/24 v1.2.1 Font defs for fonts PL (MW)
)
LaTeX Font Info:    Trying to load font information for OMS+plsy on input line 
23.

(C:\Users\Pawel\AppData\Local\Programs\MiKTeX\tex/latex/polski\omsplsy.fd
File: omsplsy.fd 2008/02/24 v1.2.1 Font defs for fonts PL (MW)
)
LaTeX Font Info:    Trying to load font information for OMX+plex on input line 
23.

(C:\Users\Pawel\AppData\Local\Programs\MiKTeX\tex/latex/polski\omxplex.fd
File: omxplex.fd 2008/02/24 v1.2.1 Font defs for fonts PL (MW)
)
LaTeX Font Info:    External font `plex10' loaded for size
(Font)              <14.4> on input line 23.
LaTeX Font Info:    External font `plex10' loaded for size
(Font)              <10> on input line 23.
LaTeX Font Info:    External font `plex10' loaded for size
(Font)              <7> on input line 23.

[1


{C:/Users/Pawel/AppData/Local/MiKTeX/pdftex/config/pdftex.map}]
Rozdzia\PlPrIeC {\l } 1.
LaTeX Font Info:    Trying to load font information for OT4+cmtt on input line 
27.
(C:\Users\Pawel\AppData\Local\Programs\MiKTeX\tex/latex/polski\ot4cmtt.fd
File: ot4cmtt.fd 2008/02/24 v1.2.1 Font defs for fonts PL (MW)
)
<figures//1_1.png, id=7, 607.51968pt x 140.77594pt>
File: figures//1_1.png Graphic file (type png)
<use figures//1_1.png>
Package pdftex.def Info: figures//1_1.png  used on input line 30.
(pdftex.def)             Requested size: 341.43306pt x 79.11966pt.
<figures//1_1_2.png, id=8, 624.08156pt x 271.0125pt>
File: figures//1_1_2.png Graphic file (type png)
<use figures//1_1_2.png>
Package pdftex.def Info: figures//1_1_2.png  used on input line 36.
(pdftex.def)             Requested size: 341.43306pt x 148.27162pt.
<figures//1_2.png, id=10, 676.77844pt x 331.2375pt>
File: figures//1_2.png Graphic file (type png)
<use figures//1_2.png>
Package pdftex.def Info: figures//1_2.png  used on input line 43.
(pdftex.def)             Requested size: 426.79134pt x 208.89299pt.

[1

 <./figures//1_1.png> <./figures//1_1_2.png>]
<figures//1_3.png, id=17, 676.77844pt x 331.2375pt>
File: figures//1_3.png Graphic file (type png)
<use figures//1_3.png>
Package pdftex.def Info: figures//1_3.png  used on input line 50.
(pdftex.def)             Requested size: 426.79134pt x 208.89299pt.
 [2 <./figures//1_2.png> <./figures//1_3.png>]
Rozdzia\PlPrIeC {\l } 2.
<figures//2_1.png, id=21, 679.03688pt x 331.2375pt>
File: figures//2_1.png Graphic file (type png)
<use figures//2_1.png>
Package pdftex.def Info: figures//2_1.png  used on input line 60.
(pdftex.def)             Requested size: 426.79134pt x 208.19046pt.
<figures//2_2.png, id=22, 679.03688pt x 331.2375pt>
File: figures//2_2.png Graphic file (type png)
<use figures//2_2.png>
Package pdftex.def Info: figures//2_2.png  used on input line 67.
(pdftex.def)             Requested size: 426.79134pt x 208.19046pt.
[3

 <./figures//2_1.png>]
<figures//2_3.png, id=26, 679.03688pt x 331.2375pt>
File: figures//2_3.png Graphic file (type png)
<use figures//2_3.png>
Package pdftex.def Info: figures//2_3.png  used on input line 74.
(pdftex.def)             Requested size: 426.79134pt x 208.19046pt.
<figures//2_4.png, id=27, 679.03688pt x 331.2375pt>
File: figures//2_4.png Graphic file (type png)
<use figures//2_4.png>
Package pdftex.def Info: figures//2_4.png  used on input line 81.
(pdftex.def)             Requested size: 426.79134pt x 208.19046pt.
 [4 <./figures//2_2.png> <./figures//2_3.png>]
<figures//2_5.png, id=31, 679.03688pt x 331.2375pt>
File: figures//2_5.png Graphic file (type png)
<use figures//2_5.png>
Package pdftex.def Info: figures//2_5.png  used on input line 89.
(pdftex.def)             Requested size: 426.79134pt x 208.19046pt.
<figures//2_6.png, id=32, 679.03688pt x 331.2375pt>
File: figures//2_6.png Graphic file (type png)
<use figures//2_6.png>
Package pdftex.def Info: figures//2_6.png  used on input line 95.
(pdftex.def)             Requested size: 426.79134pt x 208.19046pt.
 [5 <./figures//2_4.png> <./figures//2_5.png>]
<figures//2_7.png, id=36, 677.53125pt x 331.2375pt>
File: figures//2_7.png Graphic file (type png)
<use figures//2_7.png>
Package pdftex.def Info: figures//2_7.png  used on input line 103.
(pdftex.def)             Requested size: 426.79134pt x 208.6605pt.
 [6 <./figures//2_6.png> <./figures//2_7.png>]
Overfull \hbox (9.33157pt too wide) in paragraph at lines 113--114
\OT4/cmr/m/n/12 gdzie [][]\OT4/cmtt/m/n/12 method1 []\OT4/cmr/m/n/12 jest ozna-
cze-niem ak-tu-al-nie wy-ko-ny-wa-nej me-to-dy kom-pi-la-cji j¡-dra, a [][]\OT4
/cmtt/m/n/12 5.18.3-smp
 []

<figures//2_8.png, id=42, 677.53125pt x 331.2375pt>
File: figures//2_8.png Graphic file (type png)
<use figures//2_8.png>
Package pdftex.def Info: figures//2_8.png  used on input line 117.
(pdftex.def)             Requested size: 426.79134pt x 208.6605pt.
<figures//2_9.png, id=43, 677.53125pt x 331.2375pt>
File: figures//2_9.png Graphic file (type png)
<use figures//2_9.png>
Package pdftex.def Info: figures//2_9.png  used on input line 125.
(pdftex.def)             Requested size: 426.79134pt x 208.6605pt.
[7 <./figures//2_8.png>]
<figures//2_10.png, id=47, 677.53125pt x 331.2375pt>
File: figures//2_10.png Graphic file (type png)
<use figures//2_10.png>
Package pdftex.def Info: figures//2_10.png  used on input line 134.
(pdftex.def)             Requested size: 426.79134pt x 208.6605pt.

Overfull \hbox (3.17978pt too wide) in paragraph at lines 129--136
[]\OT4/cmr/m/n/12 W ce-lu skon-fi-gu-ro-wa-nia RAM-DISK, z u»y-ciem skryp-tu []
[]\OT4/cmtt/m/n/12 mkinitrd_command_generator.sh
 []


Overfull \hbox (0.53285pt too wide) in paragraph at lines 129--136
[][]\OT4/cmtt/m/n/12 mkinitrd -c -k 5.18.3-smp -f ext4 -r /dev/sda1 -m ext4 -u 
-o /boot/initrd.gz[]\OT4/cmr/m/n/12 .
 []

<figures//2_11.png, id=48, 677.53125pt x 331.2375pt>
File: figures//2_11.png Graphic file (type png)
<use figures//2_11.png>
Package pdftex.def Info: figures//2_11.png  used on input line 141.
(pdftex.def)             Requested size: 426.79134pt x 208.6605pt.
[8 <./figures//2_9.png> <./figures//2_10.png>]
<figures//2_12.png, id=53, 679.03688pt x 331.2375pt>
File: figures//2_12.png Graphic file (type png)
<use figures//2_12.png>
Package pdftex.def Info: figures//2_12.png  used on input line 147.
(pdftex.def)             Requested size: 426.79134pt x 208.19046pt.
<figures//2_13.png, id=54, 488.57532pt x 421.575pt>
File: figures//2_13.png Graphic file (type png)
<use figures//2_13.png>
Package pdftex.def Info: figures//2_13.png  used on input line 155.
(pdftex.def)             Requested size: 426.79134pt x 368.2661pt.
 [9 <./figures//2_11.png> <./figures//2_12.png>]
<figures//2_14.png, id=58, 771.63281pt x 635.37375pt>
File: figures//2_14.png Graphic file (type png)
<use figures//2_14.png>
Package pdftex.def Info: figures//2_14.png  used on input line 161.
(pdftex.def)             Requested size: 426.79134pt x 351.42473pt.
 [10 <./figures//2_13.png>]
<figures//2_15.png, id=62, 771.63281pt x 115.93312pt>
File: figures//2_15.png Graphic file (type png)
<use figures//2_15.png>
Package pdftex.def Info: figures//2_15.png  used on input line 168.
(pdftex.def)             Requested size: 426.79134pt x 64.12251pt.
 [11 <./figures//2_14.png> <./figures//2_15.png>]
Rozdzia\PlPrIeC {\l } 3.
File: figures//1_1.png Graphic file (type png)
<use figures//1_1.png>
Package pdftex.def Info: figures//1_1.png  used on input line 177.
(pdftex.def)             Requested size: 426.79134pt x 98.89905pt.
File: figures//1_1.png Graphic file (type png)
<use figures//1_1.png>
Package pdftex.def Info: figures//1_1.png  used on input line 183.
(pdftex.def)             Requested size: 426.79134pt x 98.89905pt.
File: figures//1_1.png Graphic file (type png)
<use figures//1_1.png>
Package pdftex.def Info: figures//1_1.png  used on input line 189.
(pdftex.def)             Requested size: 426.79134pt x 98.89905pt.
[12

]
File: figures//1_1.png Graphic file (type png)
<use figures//1_1.png>
Package pdftex.def Info: figures//1_1.png  used on input line 195.
(pdftex.def)             Requested size: 426.79134pt x 98.89905pt.
File: figures//1_1.png Graphic file (type png)
<use figures//1_1.png>
Package pdftex.def Info: figures//1_1.png  used on input line 201.
(pdftex.def)             Requested size: 426.79134pt x 98.89905pt.
File: figures//1_1.png Graphic file (type png)
<use figures//1_1.png>
Package pdftex.def Info: figures//1_1.png  used on input line 207.
(pdftex.def)             Requested size: 426.79134pt x 98.89905pt.
File: figures//1_1.png Graphic file (type png)
<use figures//1_1.png>
Package pdftex.def Info: figures//1_1.png  used on input line 213.
(pdftex.def)             Requested size: 426.79134pt x 98.89905pt.
 [13]
File: figures//1_1.png Graphic file (type png)
<use figures//1_1.png>
Package pdftex.def Info: figures//1_1.png  used on input line 219.
(pdftex.def)             Requested size: 426.79134pt x 98.89905pt.
 [14] (kompilacja.aux) ) 
Here is how much of TeX's memory you used:
 2169 strings out of 480236
 33093 string characters out of 2880557
 302431 words of memory out of 3000000
 18719 multiletter control sequences out of 15000+200000
 541708 words of font info for 46 fonts, out of 3000000 for 9000
 1141 hyphenation exceptions out of 8191
 60i,6n,66p,343b,232s stack positions out of 5000i,500n,10000p,200000b,50000s
 <C:\Users\Pawel\AppData\Local\MiKTeX\fonts/pk/ljfour/j
knappen/ec/dpi600\tcrm1200.pk>{C:/Users/Pawel/AppData/Local/Programs/MiKTeX/fon
ts/enc/dvips/pl/pltt.enc}{C:/Users/Pawel/AppData/Local/Programs/MiKTeX/fonts/en
c/dvips/pl/plrm.enc}<C:/Users/Pawel/AppData/Local/Programs/MiKTeX/fonts/type1/p
ublic/pl/plbx12.pfb><C:/Users/Pawel/AppData/Local/Programs/MiKTeX/fonts/type1/p
ublic/pl/plr12.pfb><C:/Users/Pawel/AppData/Local/Programs/MiKTeX/fonts/type1/pu
blic/pl/plr17.pfb><C:/Users/Pawel/AppData/Local/Programs/MiKTeX/fonts/type1/pub
lic/pl/pltt12.pfb>
Output written on kompilacja.pdf (15 pages, 397621 bytes).
PDF statistics:
 96 PDF objects out of 1000 (max. 8388607)
 0 named destinations out of 1000 (max. 500000)
 96 words of extra memory for PDF output out of 10000 (max. 10000000)

